{"level":"info","message":"3.6.2023, 20:04:21","timestamp":"2023-06-03 19:04:21"}
{"level":"info","message":"time: 3.6.2023, 20:09:36 user: 285 sum: 126 contains: משקה נסיון - 1, שתייה עם מדבקה - 3, מרק הבית - 3, ויוורק - 3, ","timestamp":"2023-06-03 19:09:36"}
{"level":"info","message":"time: 3.6.2023, 20:11:09 user: 285 sum: 46 contains: משקה נסיון - 1, שתייה עם מדבקה - 1, מרק הבית - 2, ","timestamp":"2023-06-03 19:11:09"}
{"level":"info","message":"time: 3.6.2023, 20:12:31 user: 285 sum: 50 contains: משקה נסיון - 1, שתייה עם מדבקה - 1, מרק הבית - 1, ויוורק - 1, בובספוג - 1, ","timestamp":"23-06-03 19:12:31"}
{"level":"info","message":"time: 3.6.2023, 20:13:27 user: 185 sum: 24 contains: מרק הבית - 4, ","timestamp":"23-06-03 19:13:27"}
{
  message: 'time: 3.6.2023, 20:29:33 user: 185 sum: 40 contains: משקה נסיון - 1, שתייה עם מדבקה - 1, מרק הבית - 1, ',
  level: 'info',
  label: 'order made',
  timestamp: '23-06-03 19:29:33'
}
{
  message: 'time: 3.6.2023, 20:47:54 user: 185 sum: 114 contains: משקה נסיון - 2, שתייה עם מדבקה - 3, מרק הבית - 4, ',
  level: 'info',
  label: 'order',
  timestamp: '23-06-03 19:47:54'
}
{
  message: 'time: 3.6.2023, 20:50:18 user: 185 sum: 40 contains: משקה נסיון - 1, שתייה עם מדבקה - 1, מרק הבית - 1, ',
  level: 'info',
  label: 'order',
  timestamp: '23-06-03 19:50:18'
}
